\BOOKMARK [0][-]{chapter*.1}{\376\377\000A\000b\000s\000t\000r\000a\000c\000t}{}% 1
\BOOKMARK [0][-]{chapter*.2}{\376\377\000L\000i\000s\000t\000\040\000o\000f\000\040\000F\000i\000g\000u\000r\000e\000s}{}% 2
\BOOKMARK [0][-]{chapter*.3}{\376\377\000L\000i\000s\000t\000\040\000o\000f\000\040\000T\000a\000b\000l\000e\000s}{}% 3
\BOOKMARK [0][-]{chapter*.5}{\376\377\000L\000a\000y\000\040\000S\000u\000m\000m\000a\000r\000y}{}% 4
\BOOKMARK [0][-]{chapter*.6}{\376\377\000P\000u\000b\000l\000i\000c\000a\000t\000i\000o\000n\000s\000\040\000a\000n\000d\000\040\000m\000a\000n\000u\000s\000c\000r\000i\000p\000t\000s}{}% 5
\BOOKMARK [0][-]{chapter*.7}{\376\377\000P\000r\000e\000f\000a\000c\000e\000/\000A\000c\000k\000n\000o\000w\000l\000e\000d\000g\000e\000m\000e\000n\000t\000s}{}% 6
\BOOKMARK [0][-]{chapter.1}{\376\377\000I\000n\000t\000r\000o\000d\000u\000c\000t\000i\000o\000n}{}% 7
\BOOKMARK [0][-]{chapter.2}{\376\377\000P\000r\000e\000l\000i\000m\000i\000n\000a\000r\000i\000e\000s}{}% 8
\BOOKMARK [1][-]{section.2.1}{\376\377\000Q\000u\000a\000n\000t\000u\000m\000\040\000A\000d\000i\000a\000b\000a\000t\000i\000c\000i\000t\000y}{chapter.2}% 9
\BOOKMARK [2][-]{subsection.2.1.1}{\376\377\000T\000h\000e\000\040\000a\000d\000i\000a\000b\000a\000t\000i\000c\000\040\000g\000a\000u\000g\000e\000\040\000p\000o\000t\000e\000n\000t\000i\000a\000l}{section.2.1}% 10
\BOOKMARK [2][-]{subsection.2.1.2}{\376\377\000S\000h\000o\000r\000t\000c\000u\000t\000s\000\040\000t\000o\000\040\000a\000d\000i\000a\000b\000a\000t\000i\000c\000i\000t\000y}{section.2.1}% 11
\BOOKMARK [2][-]{subsection.2.1.3}{\376\377\000T\000r\000a\000n\000s\000i\000t\000i\000o\000n\000l\000e\000s\000s\000\040\000D\000r\000i\000v\000i\000n\000g}{section.2.1}% 12
\BOOKMARK [2][-]{subsection.2.1.4}{\376\377\000V\000a\000r\000i\000a\000t\000i\000o\000n\000a\000l\000\040\000c\000o\000u\000n\000t\000e\000r\000d\000i\000a\000b\000a\000t\000i\000c\000\040\000d\000r\000i\000v\000i\000n\000g}{section.2.1}% 13
\BOOKMARK [1][-]{section.2.2}{\376\377\000Q\000u\000a\000n\000t\000u\000m\000\040\000O\000p\000t\000i\000m\000a\000l\000\040\000C\000o\000n\000t\000r\000o\000l}{chapter.2}% 14
\BOOKMARK [2][-]{subsection.2.2.1}{\376\377\000C\000R\000A\000B}{section.2.2}% 15
\BOOKMARK [2][-]{subsection.2.2.2}{\376\377\000G\000R\000A\000P\000E}{section.2.2}% 16
\BOOKMARK [0][-]{chapter.3}{\376\377\000C\000o\000u\000n\000t\000e\000r\000d\000i\000a\000b\000a\000t\000i\000c\000\040\000o\000p\000t\000i\000m\000i\000s\000e\000d\000\040\000l\000o\000c\000a\000l\000\040\000d\000r\000i\000v\000i\000n\000g}{}% 17
\BOOKMARK [0][-]{chapter.4}{\376\377\000C\000o\000n\000c\000l\000u\000s\000i\000o\000n}{}% 18
\BOOKMARK [0][-]{appendix.A}{\376\377\000S\000t\000u\000f\000f\000\040\000T\000h\000a\000t\000\040\000D\000i\000d\000n\000'\000t\000\040\000F\000i\000t\000\040\000A\000n\000y\000w\000h\000e\000r\000e\000\040\000E\000l\000s\000e}{}% 19
\BOOKMARK [0][-]{appendix.A}{\376\377\000B\000i\000b\000l\000i\000o\000g\000r\000a\000p\000h\000y}{}% 20
